<?xml version="1.0" encoding="UTF-8"?>
<!-- Generated by org.testng.reporters.JUnitReportReporter -->
<testsuite skipped="0" hostname="LAPTOP-PA2925DR" name="com.fengys.chapter5.testng.paramter.ParamTest1" tests="1" failures="0" timestamp="07 五月 2018 14:58:27 GMT" time="0.010" errors="0">
  <testcase name="paramTest1" time="0.010" classname="com.fengys.chapter5.testng.paramter.ParamTest1"/>
</testsuite> <!-- com.fengys.chapter5.testng.paramter.ParamTest1 -->
