<?xml version="1.0" encoding="UTF-8"?>
<!-- Generated by org.testng.reporters.JUnitReportReporter -->
<testsuite skipped="0" hostname="LAPTOP-PA2925DR" name="com.fengys.chapter5.testng.groups.GroupOnClass1" tests="2" failures="0" timestamp="07 五月 2018 13:39:06 GMT" time="0.009" errors="0">
  <testcase name="stu1" time="0.007" classname="com.fengys.chapter5.testng.groups.GroupOnClass1"/>
  <testcase name="stu2" time="0.002" classname="com.fengys.chapter5.testng.groups.GroupOnClass1"/>
</testsuite> <!-- com.fengys.chapter5.testng.groups.GroupOnClass1 -->
