<?xml version="1.0" encoding="UTF-8"?>
<!-- Generated by org.testng.reporters.JUnitReportReporter -->
<testsuite skipped="0" hostname="LAPTOP-PA2925DR" name="com.fengys.chapter5.testng.BasicAnnotation" tests="2" failures="0" timestamp="06 五月 2018 14:02:29 GMT" time="0.011" errors="0">
  <testcase name="testCase1" time="0.006" classname="com.fengys.chapter5.testng.BasicAnnotation"/>
  <testcase name="testCase2" time="0.005" classname="com.fengys.chapter5.testng.BasicAnnotation"/>
</testsuite> <!-- com.fengys.chapter5.testng.BasicAnnotation -->
