<?xml version="1.0" encoding="UTF-8"?>
<!-- Generated by org.testng.reporters.JUnitReportReporter -->
<testsuite skipped="0" hostname="LAPTOP-PA2925DR" name="com.fengys.chapter5.testng.groups.GroupsOnMethod" tests="4" failures="0" timestamp="06 五月 2018 14:50:28 GMT" time="0.008" errors="0">
  <testcase name="test4" time="0.001" classname="com.fengys.chapter5.testng.groups.GroupsOnMethod"/>
  <testcase name="test2" time="0.001" classname="com.fengys.chapter5.testng.groups.GroupsOnMethod"/>
  <testcase name="test1" time="0.004" classname="com.fengys.chapter5.testng.groups.GroupsOnMethod"/>
  <testcase name="test3" time="0.002" classname="com.fengys.chapter5.testng.groups.GroupsOnMethod"/>
</testsuite> <!-- com.fengys.chapter5.testng.groups.GroupsOnMethod -->
