<?xml version="1.0" encoding="UTF-8"?>
<!-- Generated by org.testng.reporters.JUnitReportReporter -->
<testsuite skipped="0" hostname="LAPTOP-PA2925DR" name="com.fengys.chapter5.testng.groups.GroupOnClass3" tests="4" failures="0" timestamp="07 五月 2018 13:39:06 GMT" time="0.004" errors="0">
  <testcase name="teacher2" time="0.001" classname="com.fengys.chapter5.testng.groups.GroupOnClass3"/>
  <testcase name="teacher1" time="0.001" classname="com.fengys.chapter5.testng.groups.GroupOnClass3"/>
  <testcase name="teacher2" time="0.001" classname="com.fengys.chapter5.testng.groups.GroupOnClass3"/>
  <testcase name="teacher1" time="0.001" classname="com.fengys.chapter5.testng.groups.GroupOnClass3"/>
</testsuite> <!-- com.fengys.chapter5.testng.groups.GroupOnClass3 -->
