<?xml version="1.0" encoding="UTF-8"?>
<!-- Generated by org.testng.reporters.JUnitReportReporter -->
<testsuite skipped="0" hostname="LAPTOP-PA2925DR" name="com.fengys.chapter5.testng.suite.PayTest" tests="1" failures="0" timestamp="06 五月 2018 14:30:34 GMT" time="0.003" errors="0">
  <testcase name="paySuccess" time="0.003" classname="com.fengys.chapter5.testng.suite.PayTest"/>
</testsuite> <!-- com.fengys.chapter5.testng.suite.PayTest -->
