<?xml version="1.0" encoding="UTF-8"?>
<!-- Generated by org.testng.reporters.JUnitReportReporter -->
<testsuite skipped="1" hostname="LAPTOP-PA2925DR" name="com.fengys.chapter5.testng.IgnoreTest" tests="2" failures="0" timestamp="06 五月 2018 14:40:50 GMT" time="0.009" errors="0">
  <testcase name="ignore1" time="0.009" classname="com.fengys.chapter5.testng.IgnoreTest"/>
  <testcase name="ignore2" classname="com.fengys.chapter5.testng.IgnoreTest">
    <skipped/>
  </testcase> <!-- ignore2 -->
</testsuite> <!-- com.fengys.chapter5.testng.IgnoreTest -->
