<?xml version="1.0" encoding="UTF-8"?>
<!-- Generated by org.testng.reporters.JUnitReportReporter -->
<testsuite skipped="0" hostname="LAPTOP-PA2925DR" name="com.fengys.chapter5.testng.paramter.DataProvideTest" tests="2" failures="0" timestamp="07 五月 2018 15:20:35 GMT" time="0.011" errors="0">
  <testcase name="test2" time="0.010" classname="com.fengys.chapter5.testng.paramter.DataProvideTest"/>
  <testcase name="test2" time="0.001" classname="com.fengys.chapter5.testng.paramter.DataProvideTest"/>
</testsuite> <!-- com.fengys.chapter5.testng.paramter.DataProvideTest -->
